CRITICAL - 2024-07-10 09:49:27 --> include(layouts/session.php): Failed to open stream: No such file or directory
in APPPATH\Views\index.php on line 1.
 1 APPPATH\Views\index.php(1): CodeIgniter\Debug\Exceptions->errorHandler(2, 'include(layouts/session.php): Failed to open stream: No such file or directory', 'D:\\Matoxi\\Matoxi_CI_v1.0.0\\Admin\\app\\Views\\index.php', 1)
 2 APPPATH\Views\index.php(1): include()
 3 SYSTEMPATH\View\View.php(224): include('D:\\Matoxi\\Matoxi_CI_v1.0.0\\Admin\\app\\Views\\index.php')
 4 SYSTEMPATH\View\View.php(227): CodeIgniter\View\View->CodeIgniter\View\{closure}()
 5 SYSTEMPATH\Common.php(1180): CodeIgniter\View\View->render('index', [], true)
 6 APPPATH\Controllers\Home.php(9): view('index')
 7 SYSTEMPATH\CodeIgniter.php(932): App\Controllers\Home->index()
 8 SYSTEMPATH\CodeIgniter.php(497): CodeIgniter\CodeIgniter->runController(Object(App\Controllers\Home))
 9 SYSTEMPATH\CodeIgniter.php(366): CodeIgniter\CodeIgniter->handleRequest(null, Object(Config\Cache), false)
10 FCPATH\index.php(67): CodeIgniter\CodeIgniter->run()
11 SYSTEMPATH\Commands\Server\rewrite.php(47): require_once('D:\\Matoxi\\Matoxi_CI_v1.0.0\\Admin\\public\\index.php')
CRITICAL - 2024-07-10 09:49:27 --> include(layouts/session.php): Failed to open stream: No such file or directory
in APPPATH\Views\index.php on line 1.
 1 APPPATH\Views\index.php(1): CodeIgniter\Debug\Exceptions->errorHandler(2, 'include(layouts/session.php): Failed to open stream: No such file or directory', 'D:\\Matoxi\\Matoxi_CI_v1.0.0\\Admin\\app\\Views\\index.php', 1)
 2 APPPATH\Views\index.php(1): include()
 3 SYSTEMPATH\View\View.php(224): include('D:\\Matoxi\\Matoxi_CI_v1.0.0\\Admin\\app\\Views\\index.php')
 4 SYSTEMPATH\View\View.php(227): CodeIgniter\View\View->CodeIgniter\View\{closure}()
 5 SYSTEMPATH\Common.php(1180): CodeIgniter\View\View->render('index', [], true)
 6 APPPATH\Controllers\Home.php(9): view('index')
 7 SYSTEMPATH\CodeIgniter.php(932): App\Controllers\Home->index()
 8 SYSTEMPATH\CodeIgniter.php(497): CodeIgniter\CodeIgniter->runController(Object(App\Controllers\Home))
 9 SYSTEMPATH\CodeIgniter.php(366): CodeIgniter\CodeIgniter->handleRequest(null, Object(Config\Cache), false)
10 FCPATH\index.php(67): CodeIgniter\CodeIgniter->run()
11 SYSTEMPATH\Commands\Server\rewrite.php(47): require_once('D:\\Matoxi\\Matoxi_CI_v1.0.0\\Admin\\public\\index.php')
CRITICAL - 2024-07-10 09:49:32 --> include(layouts/session.php): Failed to open stream: No such file or directory
in APPPATH\Views\index.php on line 1.
 1 APPPATH\Views\index.php(1): CodeIgniter\Debug\Exceptions->errorHandler(2, 'include(layouts/session.php): Failed to open stream: No such file or directory', 'D:\\Matoxi\\Matoxi_CI_v1.0.0\\Admin\\app\\Views\\index.php', 1)
 2 APPPATH\Views\index.php(1): include()
 3 SYSTEMPATH\View\View.php(224): include('D:\\Matoxi\\Matoxi_CI_v1.0.0\\Admin\\app\\Views\\index.php')
 4 SYSTEMPATH\View\View.php(227): CodeIgniter\View\View->CodeIgniter\View\{closure}()
 5 SYSTEMPATH\Common.php(1180): CodeIgniter\View\View->render('index', [], true)
 6 APPPATH\Controllers\Home.php(9): view('index')
 7 SYSTEMPATH\CodeIgniter.php(932): App\Controllers\Home->index()
 8 SYSTEMPATH\CodeIgniter.php(497): CodeIgniter\CodeIgniter->runController(Object(App\Controllers\Home))
 9 SYSTEMPATH\CodeIgniter.php(366): CodeIgniter\CodeIgniter->handleRequest(null, Object(Config\Cache), false)
10 FCPATH\index.php(67): CodeIgniter\CodeIgniter->run()
11 SYSTEMPATH\Commands\Server\rewrite.php(47): require_once('D:\\Matoxi\\Matoxi_CI_v1.0.0\\Admin\\public\\index.php')
